{"/home/silpharny/Documentos/Programação/Estudo/SujProgr/Testes Automatizados/test/App.tsx": {"path":"/home/silpharny/Documentos/Programação/Estudo/SujProgr/Testes Automatizados/test/App.tsx","statementMap":{"0":{"start":{"line":5,"column":28},"end":{"line":5,"column":39}},"1":{"start":{"line":7,"column":2},"end":{"line":21,"column":3}},"2":{"start":{"line":12,"column":41},"end":{"line":12,"column":60}},"3":{"start":{"line":16,"column":41},"end":{"line":16,"column":60}},"4":{"start":{"line":24,"column":15},"end":{"line":41,"column":2}}},"fnMap":{"0":{"name":"App","decl":{"start":{"line":4,"column":24},"end":{"line":4,"column":27}},"loc":{"start":{"line":4,"column":30},"end":{"line":22,"column":1}},"line":4},"1":{"name":"(anonymous_1)","decl":{"start":{"line":12,"column":35},"end":{"line":12,"column":36}},"loc":{"start":{"line":12,"column":41},"end":{"line":12,"column":60}},"line":12},"2":{"name":"(anonymous_2)","decl":{"start":{"line":16,"column":35},"end":{"line":16,"column":36}},"loc":{"start":{"line":16,"column":41},"end":{"line":16,"column":60}},"line":16}},"branchMap":{},"s":{"0":7,"1":7,"2":1,"3":1,"4":1},"f":{"0":7,"1":1,"2":1},"b":{},"_coverageSchema":"1a1c01bbd47fc00a2c39e90264f33305004495a9","hash":"515f1dd70a12b80ba78458c0caf76effa29f39b7"}
,"/home/silpharny/Documentos/Programação/Estudo/SujProgr/Testes Automatizados/test/src/title.tsx": {"path":"/home/silpharny/Documentos/Programação/Estudo/SujProgr/Testes Automatizados/test/src/title.tsx","statementMap":{"0":{"start":{"line":4,"column":2},"end":{"line":4,"column":49}},"1":{"start":{"line":7,"column":15},"end":{"line":14,"column":2}}},"fnMap":{"0":{"name":"Title","decl":{"start":{"line":3,"column":16},"end":{"line":3,"column":21}},"loc":{"start":{"line":3,"column":52},"end":{"line":5,"column":1}},"line":3}},"branchMap":{},"s":{"0":2,"1":1},"f":{"0":2},"b":{},"_coverageSchema":"1a1c01bbd47fc00a2c39e90264f33305004495a9","hash":"021b32a5dc3882e5b3a0433c84e0c186129b41e3"}
}
